0 info it worked if it ends with ok
1 verbose cli [ '/usr/local/bin/node',
1 verbose cli   '/usr/local/bin/npm',
1 verbose cli   'run',
1 verbose cli   'server:start:es6:dev' ]
2 info using npm@3.9.3
3 info using node@v6.2.1
4 verbose run-script [ 'preserver:start:es6:dev',
4 verbose run-script   'server:start:es6:dev',
4 verbose run-script   'postserver:start:es6:dev' ]
5 info lifecycle case-technical-test@0.1.0~preserver:start:es6:dev: case-technical-test@0.1.0
6 silly lifecycle case-technical-test@0.1.0~preserver:start:es6:dev: no script for preserver:start:es6:dev, continuing
7 info lifecycle case-technical-test@0.1.0~server:start:es6:dev: case-technical-test@0.1.0
8 verbose lifecycle case-technical-test@0.1.0~server:start:es6:dev: unsafe-perm in lifecycle true
9 verbose lifecycle case-technical-test@0.1.0~server:start:es6:dev: PATH: /usr/local/lib/node_modules/npm/bin/node-gyp-bin:/home/mauri/node/case-technical-test/node_modules/.bin:/usr/local/bin:/usr/local/sbin:/usr/local/bin:/usr/sbin:/usr/bin:/sbin:/bin:/usr/games:/usr/local/games:/home/mauri/.rvm/bin:/home/mauri/.rvm/bin
10 verbose lifecycle case-technical-test@0.1.0~server:start:es6:dev: CWD: /home/mauri/node/case-technical-test
11 silly lifecycle case-technical-test@0.1.0~server:start:es6:dev: Args: [ '-c', 'NODE_ENV=development babel-node ./src/app.js' ]
12 silly lifecycle case-technical-test@0.1.0~server:start:es6:dev: Returned: code: 1  signal: null
13 info lifecycle case-technical-test@0.1.0~server:start:es6:dev: Failed to exec server:start:es6:dev script
14 verbose stack Error: case-technical-test@0.1.0 server:start:es6:dev: `NODE_ENV=development babel-node ./src/app.js`
14 verbose stack Exit status 1
14 verbose stack     at EventEmitter.<anonymous> (/usr/local/lib/node_modules/npm/lib/utils/lifecycle.js:245:16)
14 verbose stack     at emitTwo (events.js:106:13)
14 verbose stack     at EventEmitter.emit (events.js:191:7)
14 verbose stack     at ChildProcess.<anonymous> (/usr/local/lib/node_modules/npm/lib/utils/spawn.js:24:14)
14 verbose stack     at emitTwo (events.js:106:13)
14 verbose stack     at ChildProcess.emit (events.js:191:7)
14 verbose stack     at maybeClose (internal/child_process.js:852:16)
14 verbose stack     at Process.ChildProcess._handle.onexit (internal/child_process.js:215:5)
15 verbose pkgid case-technical-test@0.1.0
16 verbose cwd /home/mauri/node/case-technical-test/src
17 error Linux 3.13.0-24-generic
18 error argv "/usr/local/bin/node" "/usr/local/bin/npm" "run" "server:start:es6:dev"
19 error node v6.2.1
20 error npm  v3.9.3
21 error code ELIFECYCLE
22 error case-technical-test@0.1.0 server:start:es6:dev: `NODE_ENV=development babel-node ./src/app.js`
22 error Exit status 1
23 error Failed at the case-technical-test@0.1.0 server:start:es6:dev script 'NODE_ENV=development babel-node ./src/app.js'.
23 error Make sure you have the latest version of node.js and npm installed.
23 error If you do, this is most likely a problem with the case-technical-test package,
23 error not with npm itself.
23 error Tell the author that this fails on your system:
23 error     NODE_ENV=development babel-node ./src/app.js
23 error You can get information on how to open an issue for this project with:
23 error     npm bugs case-technical-test
23 error Or if that isn't available, you can get their info via:
23 error     npm owner ls case-technical-test
23 error There is likely additional logging output above.
24 verbose exit [ 1, true ]
